0 info it worked if it ends with ok
1 verbose cli [ '/Users/Stagounet/.nvm/versions/node/v6.3.1/bin/node',
1 verbose cli   '/Users/Stagounet/.nvm/versions/node/v6.3.1/bin/npm',
1 verbose cli   'start' ]
2 info using npm@3.10.3
3 info using node@v6.3.1
4 verbose run-script [ 'prestart', 'start', 'poststart' ]
5 info lifecycle next@0.0.1~prestart: next@0.0.1
6 silly lifecycle next@0.0.1~prestart: no script for prestart, continuing
7 info lifecycle next@0.0.1~start: next@0.0.1
8 verbose lifecycle next@0.0.1~start: unsafe-perm in lifecycle true
9 verbose lifecycle next@0.0.1~start: PATH: /Users/Stagounet/.nvm/versions/node/v6.3.1/lib/node_modules/npm/bin/node-gyp-bin:/Users/Stagounet/code/kidz/express-skeleton-simple/node_modules/.bin:/Users/Stagounet/.nvm/versions/node/v6.3.1/bin:/Users/Stagounet/.nvm/versions/node/v6.3.1/bin:./node_modules/.bin:/usr/local/bin:/usr/bin:/bin:/usr/sbin:/sbin:/opt/X11/bin:/Users/Stagounet/.gem/ruby/1.8/bin:/opt/nginx/sbin:/Applications/Android Studio.app/sdk/tools:/Applications/Android Studio.app/sdk/platform-tools:/Users/Stagounet/Library/Android/sdk:/Users/Stagounet/Library/Android/sdk/tools:/Users/Stagounet/Library/Android/sdk/platform-tools:/usr/local/sbin
10 verbose lifecycle next@0.0.1~start: CWD: /Users/Stagounet/code/kidz/express-skeleton-simple
11 silly lifecycle next@0.0.1~start: Args: [ '-c', 'node ./bin/www' ]
12 silly lifecycle next@0.0.1~start: Returned: code: 1  signal: null
13 info lifecycle next@0.0.1~start: Failed to exec start script
14 verbose stack Error: next@0.0.1 start: `node ./bin/www`
14 verbose stack Exit status 1
14 verbose stack     at EventEmitter.<anonymous> (/Users/Stagounet/.nvm/versions/node/v6.3.1/lib/node_modules/npm/lib/utils/lifecycle.js:242:16)
14 verbose stack     at emitTwo (events.js:106:13)
14 verbose stack     at EventEmitter.emit (events.js:191:7)
14 verbose stack     at ChildProcess.<anonymous> (/Users/Stagounet/.nvm/versions/node/v6.3.1/lib/node_modules/npm/lib/utils/spawn.js:40:14)
14 verbose stack     at emitTwo (events.js:106:13)
14 verbose stack     at ChildProcess.emit (events.js:191:7)
14 verbose stack     at maybeClose (internal/child_process.js:852:16)
14 verbose stack     at Process.ChildProcess._handle.onexit (internal/child_process.js:215:5)
15 verbose pkgid next@0.0.1
16 verbose cwd /Users/Stagounet/code/kidz/express-skeleton-simple
17 error Darwin 15.0.0
18 error argv "/Users/Stagounet/.nvm/versions/node/v6.3.1/bin/node" "/Users/Stagounet/.nvm/versions/node/v6.3.1/bin/npm" "start"
19 error node v6.3.1
20 error npm  v3.10.3
21 error code ELIFECYCLE
22 error next@0.0.1 start: `node ./bin/www`
22 error Exit status 1
23 error Failed at the next@0.0.1 start script 'node ./bin/www'.
23 error Make sure you have the latest version of node.js and npm installed.
23 error If you do, this is most likely a problem with the next package,
23 error not with npm itself.
23 error Tell the author that this fails on your system:
23 error     node ./bin/www
23 error You can get information on how to open an issue for this project with:
23 error     npm bugs next
23 error Or if that isn't available, you can get their info via:
23 error     npm owner ls next
23 error There is likely additional logging output above.
24 verbose exit [ 1, true ]
